# JRE version: OpenJDK Runtime Environment (24.0.1+9) (build 24.0.1+9-30)
# Java VM: OpenJDK 64-Bit Server VM (24.0.1+9-30, mixed mode, sharing, tiered, compressed oops, compressed class ptrs, g1 gc, windows-amd64)
GC Precious Log:
 CardTable entry size: 512
 Card Set container configuration: InlinePtr #cards 5 size 8 Array Of Cards #cards 10 size 36 Howl #buckets 4 coarsen threshold 1843 Howl Bitmap #cards 512 size 80 coarsen threshold 460 Card regions per heap region 1 cards per card region 2048
 CPUs: 12 total, 12 available
 Memory: 7918M
 Large Page Support: Disabled
 NUMA Support: Disabled
 Compressed Oops: Enabled (32-bit)
 Heap Region Size: 1M
 Heap Min Capacity: 8M
 Heap Initial Capacity: 124M
 Heap Max Capacity: 1980M
 Pre-touch: Disabled
 Parallel Workers: 10
 Concurrent Workers: 3
 Concurrent Refinement Workers: 10
 Periodic GC: Disabled
Heap:
 garbage-first heap   total reserved 2027520K, committed 75776K, used 42211K [0x0000000084400000, 0x0000000100000000)
  region size 1024K, 10 young (10240K), 1 survivors (1024K)
 Metaspace       used 88553K, committed 89088K, reserved 1179648K
  class space    used 9689K, committed 9984K, reserved 1048576K
GC Heap History (20 events):
Event: 41033.350 GC heap before
{Heap before GC invocations=126 (full 0):
 garbage-first heap   total reserved 2027520K, committed 75776K, used 67792K [0x0000000084400000, 0x0000000100000000)
  region size 1024K, 34 young (34816K), 1 survivors (1024K)
 Metaspace       used 88537K, committed 89088K, reserved 1179648K
  class space    used 9688K, committed 9984K, reserved 1048576K
}
Event: 41033.351 GC heap after
{Heap after GC invocations=127 (full 0):
 garbage-first heap   total reserved 2027520K, committed 75776K, used 34004K [0x0000000084400000, 0x0000000100000000)
  region size 1024K, 1 young (1024K), 1 survivors (1024K)
 Metaspace       used 88537K, committed 89088K, reserved 1179648K
  class space    used 9688K, committed 9984K, reserved 1048576K
}
Event: 41036.135 GC heap before
{Heap before GC invocations=127 (full 0):
 garbage-first heap   total reserved 2027520K, committed 75776K, used 67796K [0x0000000084400000, 0x0000000100000000)
  region size 1024K, 34 young (34816K), 1 survivors (1024K)
 Metaspace       used 88537K, committed 89088K, reserved 1179648K
  class space    used 9688K, committed 9984K, reserved 1048576K
}
Event: 41036.137 GC heap after
{Heap after GC invocations=128 (full 0):
 garbage-first heap   total reserved 2027520K, committed 75776K, used 34002K [0x0000000084400000, 0x0000000100000000)
  region size 1024K, 1 young (1024K), 1 survivors (1024K)
 Metaspace       used 88537K, committed 89088K, reserved 1179648K
  class space    used 9688K, committed 9984K, reserved 1048576K
}
Event: 41039.986 GC heap before
{Heap before GC invocations=129 (full 0):
 garbage-first heap   total reserved 2027520K, committed 75776K, used 67794K [0x0000000084400000, 0x0000000100000000)
  region size 1024K, 34 young (34816K), 1 survivors (1024K)
 Metaspace       used 88537K, committed 89088K, reserved 1179648K
  class space    used 9688K, committed 9984K, reserved 1048576K
}
Event: 41039.989 GC heap after
{Heap after GC invocations=130 (full 0):
 garbage-first heap   total reserved 2027520K, committed 75776K, used 33990K [0x0000000084400000, 0x0000000100000000)
  region size 1024K, 1 young (1024K), 1 survivors (1024K)
 Metaspace       used 88537K, committed 89088K, reserved 1179648K
  class space    used 9688K, committed 9984K, reserved 1048576K
}
Event: 41044.153 GC heap before
{Heap before GC invocations=130 (full 0):
 garbage-first heap   total reserved 2027520K, committed 75776K, used 67782K [0x0000000084400000, 0x0000000100000000)
  region size 1024K, 34 young (34816K), 1 survivors (1024K)
 Metaspace       used 88537K, committed 89088K, reserved 1179648K
  class space    used 9688K, committed 9984K, reserved 1048576K
}
Event: 41044.157 GC heap after
{Heap after GC invocations=131 (full 0):
 garbage-first heap   total reserved 2027520K, committed 75776K, used 34008K [0x0000000084400000, 0x0000000100000000)
  region size 1024K, 1 young (1024K), 1 survivors (1024K)
 Metaspace       used 88537K, committed 89088K, reserved 1179648K
  class space    used 9688K, committed 9984K, reserved 1048576K
}
Event: 41048.241 GC heap before
{Heap before GC invocations=132 (full 0):
 garbage-first heap   total reserved 2027520K, committed 75776K, used 67800K [0x0000000084400000, 0x0000000100000000)
  region size 1024K, 34 young (34816K), 1 survivors (1024K)
 Metaspace       used 88537K, committed 89088K, reserved 1179648K
  class space    used 9688K, committed 9984K, reserved 1048576K
}
Event: 41048.246 GC heap after
{Heap after GC invocations=133 (full 0):
 garbage-first heap   total reserved 2027520K, committed 75776K, used 33996K [0x0000000084400000, 0x0000000100000000)
  region size 1024K, 1 young (1024K), 1 survivors (1024K)
 Metaspace       used 88537K, committed 89088K, reserved 1179648K
  class space    used 9688K, committed 9984K, reserved 1048576K
}
Event: 41054.190 GC heap before
{Heap before GC invocations=133 (full 0):
 garbage-first heap   total reserved 2027520K, committed 75776K, used 67788K [0x0000000084400000, 0x0000000100000000)
  region size 1024K, 34 young (34816K), 1 survivors (1024K)
 Metaspace       used 88537K, committed 89088K, reserved 1179648K
  class space    used 9688K, committed 9984K, reserved 1048576K
}
Event: 41054.215 GC heap after
{Heap after GC invocations=134 (full 0):
 garbage-first heap   total reserved 2027520K, committed 75776K, used 34009K [0x0000000084400000, 0x0000000100000000)
  region size 1024K, 1 young (1024K), 1 survivors (1024K)
 Metaspace       used 88537K, committed 89088K, reserved 1179648K
  class space    used 9688K, committed 9984K, reserved 1048576K
}
Event: 41058.609 GC heap before
{Heap before GC invocations=135 (full 0):
 garbage-first heap   total reserved 2027520K, committed 75776K, used 67801K [0x0000000084400000, 0x0000000100000000)
  region size 1024K, 34 young (34816K), 1 survivors (1024K)
 Metaspace       used 88537K, committed 89088K, reserved 1179648K
  class space    used 9688K, committed 9984K, reserved 1048576K
}
Event: 41058.612 GC heap after
{Heap after GC invocations=136 (full 0):
 garbage-first heap   total reserved 2027520K, committed 75776K, used 33997K [0x0000000084400000, 0x0000000100000000)
  region size 1024K, 1 young (1024K), 1 survivors (1024K)
 Metaspace       used 88537K, committed 89088K, reserved 1179648K
  class space    used 9688K, committed 9984K, reserved 1048576K
}
Event: 41062.439 GC heap before
{Heap before GC invocations=136 (full 0):
 garbage-first heap   total reserved 2027520K, committed 75776K, used 67789K [0x0000000084400000, 0x0000000100000000)
  region size 1024K, 34 young (34816K), 1 survivors (1024K)
 Metaspace       used 88537K, committed 89088K, reserved 1179648K
  class space    used 9688K, committed 9984K, reserved 1048576K
}
Event: 41062.768 GC heap after
{Heap after GC invocations=137 (full 0):
 garbage-first heap   total reserved 2027520K, committed 75776K, used 34017K [0x0000000084400000, 0x0000000100000000)
  region size 1024K, 1 young (1024K), 1 survivors (1024K)
 Metaspace       used 88537K, committed 89088K, reserved 1179648K
  class space    used 9688K, committed 9984K, reserved 1048576K
}
Event: 41081.328 GC heap before
{Heap before GC invocations=138 (full 0):
 garbage-first heap   total reserved 2027520K, committed 75776K, used 67809K [0x0000000084400000, 0x0000000100000000)
  region size 1024K, 34 young (34816K), 1 survivors (1024K)
 Metaspace       used 88537K, committed 89088K, reserved 1179648K
  class space    used 9688K, committed 9984K, reserved 1048576K
}
Event: 41081.342 GC heap after
{Heap after GC invocations=139 (full 0):
 garbage-first heap   total reserved 2027520K, committed 75776K, used 33999K [0x0000000084400000, 0x0000000100000000)
  region size 1024K, 1 young (1024K), 1 survivors (1024K)
 Metaspace       used 88537K, committed 89088K, reserved 1179648K
  class space    used 9688K, committed 9984K, reserved 1048576K
}
Event: 41087.693 GC heap before
{Heap before GC invocations=139 (full 0):
 garbage-first heap   total reserved 2027520K, committed 75776K, used 67791K [0x0000000084400000, 0x0000000100000000)
  region size 1024K, 34 young (34816K), 1 survivors (1024K)
 Metaspace       used 88537K, committed 89088K, reserved 1179648K
  class space    used 9688K, committed 9984K, reserved 1048576K
}
Event: 41087.700 GC heap after
{Heap after GC invocations=140 (full 0):
 garbage-first heap   total reserved 2027520K, committed 75776K, used 34019K [0x0000000084400000, 0x0000000100000000)
  region size 1024K, 1 young (1024K), 1 survivors (1024K)
 Metaspace       used 88537K, committed 89088K, reserved 1179648K
  class space    used 9688K, committed 9984K, reserved 1048576K
}

